2023-04-10T09:43:15+00:00 CRITICAL /var/www/html/wp-content/plugins/mailpoet/lib/Doctrine/ConnectionFactory.php 中第 85 行的 Uncaught Error: Undefined constant PDO::MYSQL_ATTR_INIT_COMMAND in /var/www/html/wp-content/plugins/mailpoet/lib/Doctrine/ConnectionFactory.php:85
Stack trace:
#0 /var/www/html/wp-content/plugins/mailpoet/lib/Doctrine/ConnectionFactory.php(45): MailPoet\Doctrine\ConnectionFactory->getDriverOptions('+08:00', 'utf8mb4', 'utf8mb4_unicode...')
#1 /var/www/html/wp-content/plugins/mailpoet/generated/FreeCachedContainer.php(524): MailPoet\Doctrine\ConnectionFactory->createConnection()
#2 /var/www/html/wp-content/plugins/mailpoet/generated/FreeCachedContainer.php(2491): MailPoetGenerated\FreeCachedContainer->getConnectionService()
#3 /var/www/html/wp-content/plugins/mailpoet/generated/FreeCachedContainer.php(534): MailPoetGenerated\FreeCachedContainer->getEntityManagerFactoryService()
#4 /var/www/html/wp-content/plugins/mailpoet/generated/FreeCachedContainer.php(2459): MailPoetGenerated\FreeCachedContainer->getEntityManagerService()
#5 /var/www/html/wp-content/plugins/mailpoet/generated/FreeCachedContainer.php(874): MailPoetGenerated\FreeCachedContainer->getCustomFieldsRepositoryService()
#6 /var/www/html/wp-content/plugins/mailpoet/generated/FreeCachedContainer.php(864): MailPoetGenerated\FreeCachedContainer->getCustomFields2Service()
#7 /var/www/html/wp-content/plugins/mailpoet/vendor-prefixed/symfony/dependency-injection/Container.php(122): MailPoetGenerated\FreeCachedContainer->getAPI2Service()
#8 /var/www/html/wp-content/plugins/mailpoet/vendor-prefixed/symfony/dependency-injection/Container.php(110): MailPoetVendor\Symfony\Component\DependencyInjection\Container->make('MailPoet\\API\\MP...', 1)
#9 /var/www/html/wp-content/plugins/mailpoet/lib/DI/ContainerWrapper.php(39): MailPoetVendor\Symfony\Component\DependencyInjection\Container->get('MailPoet\\API\\MP...')
#10 /var/www/html/wp-content/plugins/mailpoet/lib/API/API.php(20): MailPoet\DI\ContainerWrapper->get('MailPoet\\API\\MP...')
#11 /var/www/html/wp-content/plugins/woocommerce/src/Admin/Marketing/InstalledExtensions.php(367): MailPoet\API\API::MP('v1')
#12 /var/www/html/wp-content/plugins/woocommerce/src/Admin/Marketing/InstalledExtensions.php(31): Automattic\WooCommerce\Admin\Marketing\InstalledExtensions::get_mailpoet_extension_data()
#13 /var/www/html/wp-content/plugins/woocommerce/src/Internal/Admin/Marketing.php(168): Automattic\WooCommerce\Admin\Marketing\InstalledExtensions::get_data()
#14 /var/www/html/wp-includes/class-wp-hook.php(308): Automattic\WooCommerce\Internal\Admin\Marketing->component_settings(Array)
#15 /var/www/html/wp-includes/plugin.php(205): WP_Hook->apply_filters(Array, Array)
#16 /var/www/html/wp-content/plugins/woocommerce/src/Internal/Admin/WCAdminSharedSettings.php(61): apply_filters('woocommerce_adm...', Array)
#17 /var/www/html/wp-content/plugins/woocommerce/packages/woocommerce-blocks/src/Assets/AssetDataRegistry.php(266): Automattic\WooCommerce\Internal\Admin\WCAdminSharedSettings->Automattic\WooCommerce\Internal\Admin\{closure}()
#18 /var/www/html/wp-content/plugins/woocommerce/packages/woocommerce-blocks/src/Assets/AssetDataRegistry.php(367): Automattic\WooCommerce\Blocks\Assets\AssetDataRegistry->execute_lazy_data()
#19 /var/www/html/wp-includes/class-wp-hook.php(308): Automattic\WooCommerce\Blocks\Assets\AssetDataRegistry->enqueue_asset_data('')
#20 /var/www/html/wp-includes/class-wp-hook.php(332): WP_Hook->apply_filters('', Array)
#21 /var/www/html/wp-includes/plugin.php(517): WP_Hook->do_action(Array)
#22 /var/www/html/wp-admin/admin-footer.php(95): do_action('admin_print_foo...')
#23 /var/www/html/wp-admin/admin.php(297): require_once('/var/www/html/w...')
#24 {main}
  thrown

2023-04-10T09:43:42+00:00 CRITICAL /var/www/html/wp-content/plugins/mailpoet/lib/Doctrine/ConnectionFactory.php 中第 85 行的 Uncaught Error: Undefined constant PDO::MYSQL_ATTR_INIT_COMMAND in /var/www/html/wp-content/plugins/mailpoet/lib/Doctrine/ConnectionFactory.php:85
Stack trace:
#0 /var/www/html/wp-content/plugins/mailpoet/lib/Doctrine/ConnectionFactory.php(45): MailPoet\Doctrine\ConnectionFactory->getDriverOptions('+08:00', 'utf8mb4', 'utf8mb4_unicode...')
#1 /var/www/html/wp-content/plugins/mailpoet/generated/FreeCachedContainer.php(524): MailPoet\Doctrine\ConnectionFactory->createConnection()
#2 /var/www/html/wp-content/plugins/mailpoet/generated/FreeCachedContainer.php(2491): MailPoetGenerated\FreeCachedContainer->getConnectionService()
#3 /var/www/html/wp-content/plugins/mailpoet/generated/FreeCachedContainer.php(534): MailPoetGenerated\FreeCachedContainer->getEntityManagerFactoryService()
#4 /var/www/html/wp-content/plugins/mailpoet/generated/FreeCachedContainer.php(2459): MailPoetGenerated\FreeCachedContainer->getEntityManagerService()
#5 /var/www/html/wp-content/plugins/mailpoet/generated/FreeCachedContainer.php(874): MailPoetGenerated\FreeCachedContainer->getCustomFieldsRepositoryService()
#6 /var/www/html/wp-content/plugins/mailpoet/generated/FreeCachedContainer.php(864): MailPoetGenerated\FreeCachedContainer->getCustomFields2Service()
#7 /var/www/html/wp-content/plugins/mailpoet/vendor-prefixed/symfony/dependency-injection/Container.php(122): MailPoetGenerated\FreeCachedContainer->getAPI2Service()
#8 /var/www/html/wp-content/plugins/mailpoet/vendor-prefixed/symfony/dependency-injection/Container.php(110): MailPoetVendor\Symfony\Component\DependencyInjection\Container->make('MailPoet\\API\\MP...', 1)
#9 /var/www/html/wp-content/plugins/mailpoet/lib/DI/ContainerWrapper.php(39): MailPoetVendor\Symfony\Component\DependencyInjection\Container->get('MailPoet\\API\\MP...')
#10 /var/www/html/wp-content/plugins/mailpoet/lib/API/API.php(20): MailPoet\DI\ContainerWrapper->get('MailPoet\\API\\MP...')
#11 /var/www/html/wp-content/plugins/woocommerce/src/Admin/Marketing/InstalledExtensions.php(367): MailPoet\API\API::MP('v1')
#12 /var/www/html/wp-content/plugins/woocommerce/src/Admin/Marketing/InstalledExtensions.php(31): Automattic\WooCommerce\Admin\Marketing\InstalledExtensions::get_mailpoet_extension_data()
#13 /var/www/html/wp-content/plugins/woocommerce/src/Internal/Admin/Marketing.php(168): Automattic\WooCommerce\Admin\Marketing\InstalledExtensions::get_data()
#14 /var/www/html/wp-includes/class-wp-hook.php(308): Automattic\WooCommerce\Internal\Admin\Marketing->component_settings(Array)
#15 /var/www/html/wp-includes/plugin.php(205): WP_Hook->apply_filters(Array, Array)
#16 /var/www/html/wp-content/plugins/woocommerce/src/Internal/Admin/WCAdminSharedSettings.php(61): apply_filters('woocommerce_adm...', Array)
#17 /var/www/html/wp-content/plugins/woocommerce/packages/woocommerce-blocks/src/Assets/AssetDataRegistry.php(266): Automattic\WooCommerce\Internal\Admin\WCAdminSharedSettings->Automattic\WooCommerce\Internal\Admin\{closure}()
#18 /var/www/html/wp-content/plugins/woocommerce/packages/woocommerce-blocks/src/Assets/AssetDataRegistry.php(367): Automattic\WooCommerce\Blocks\Assets\AssetDataRegistry->execute_lazy_data()
#19 /var/www/html/wp-includes/class-wp-hook.php(308): Automattic\WooCommerce\Blocks\Assets\AssetDataRegistry->enqueue_asset_data('')
#20 /var/www/html/wp-includes/class-wp-hook.php(332): WP_Hook->apply_filters('', Array)
#21 /var/www/html/wp-includes/plugin.php(517): WP_Hook->do_action(Array)
#22 /var/www/html/wp-admin/admin-footer.php(95): do_action('admin_print_foo...')
#23 /var/www/html/wp-admin/admin.php(297): require_once('/var/www/html/w...')
#24 {main}
  thrown

2023-04-10T09:43:59+00:00 CRITICAL /var/www/html/wp-content/plugins/mailpoet/lib/Doctrine/ConnectionFactory.php 中第 85 行的 Uncaught Error: Undefined constant PDO::MYSQL_ATTR_INIT_COMMAND in /var/www/html/wp-content/plugins/mailpoet/lib/Doctrine/ConnectionFactory.php:85
Stack trace:
#0 /var/www/html/wp-content/plugins/mailpoet/lib/Doctrine/ConnectionFactory.php(45): MailPoet\Doctrine\ConnectionFactory->getDriverOptions('+08:00', 'utf8mb4', 'utf8mb4_unicode...')
#1 /var/www/html/wp-content/plugins/mailpoet/generated/FreeCachedContainer.php(524): MailPoet\Doctrine\ConnectionFactory->createConnection()
#2 /var/www/html/wp-content/plugins/mailpoet/generated/FreeCachedContainer.php(2491): MailPoetGenerated\FreeCachedContainer->getConnectionService()
#3 /var/www/html/wp-content/plugins/mailpoet/generated/FreeCachedContainer.php(534): MailPoetGenerated\FreeCachedContainer->getEntityManagerFactoryService()
#4 /var/www/html/wp-content/plugins/mailpoet/generated/FreeCachedContainer.php(2459): MailPoetGenerated\FreeCachedContainer->getEntityManagerService()
#5 /var/www/html/wp-content/plugins/mailpoet/generated/FreeCachedContainer.php(874): MailPoetGenerated\FreeCachedContainer->getCustomFieldsRepositoryService()
#6 /var/www/html/wp-content/plugins/mailpoet/generated/FreeCachedContainer.php(864): MailPoetGenerated\FreeCachedContainer->getCustomFields2Service()
#7 /var/www/html/wp-content/plugins/mailpoet/vendor-prefixed/symfony/dependency-injection/Container.php(122): MailPoetGenerated\FreeCachedContainer->getAPI2Service()
#8 /var/www/html/wp-content/plugins/mailpoet/vendor-prefixed/symfony/dependency-injection/Container.php(110): MailPoetVendor\Symfony\Component\DependencyInjection\Container->make('MailPoet\\API\\MP...', 1)
#9 /var/www/html/wp-content/plugins/mailpoet/lib/DI/ContainerWrapper.php(39): MailPoetVendor\Symfony\Component\DependencyInjection\Container->get('MailPoet\\API\\MP...')
#10 /var/www/html/wp-content/plugins/mailpoet/lib/API/API.php(20): MailPoet\DI\ContainerWrapper->get('MailPoet\\API\\MP...')
#11 /var/www/html/wp-content/plugins/woocommerce/src/Admin/Marketing/InstalledExtensions.php(367): MailPoet\API\API::MP('v1')
#12 /var/www/html/wp-content/plugins/woocommerce/src/Admin/Marketing/InstalledExtensions.php(31): Automattic\WooCommerce\Admin\Marketing\InstalledExtensions::get_mailpoet_extension_data()
#13 /var/www/html/wp-content/plugins/woocommerce/src/Internal/Admin/Marketing.php(168): Automattic\WooCommerce\Admin\Marketing\InstalledExtensions::get_data()
#14 /var/www/html/wp-includes/class-wp-hook.php(308): Automattic\WooCommerce\Internal\Admin\Marketing->component_settings(Array)
#15 /var/www/html/wp-includes/plugin.php(205): WP_Hook->apply_filters(Array, Array)
#16 /var/www/html/wp-content/plugins/woocommerce/src/Internal/Admin/WCAdminSharedSettings.php(61): apply_filters('woocommerce_adm...', Array)
#17 /var/www/html/wp-content/plugins/woocommerce/packages/woocommerce-blocks/src/Assets/AssetDataRegistry.php(266): Automattic\WooCommerce\Internal\Admin\WCAdminSharedSettings->Automattic\WooCommerce\Internal\Admin\{closure}()
#18 /var/www/html/wp-content/plugins/woocommerce/packages/woocommerce-blocks/src/Assets/AssetDataRegistry.php(367): Automattic\WooCommerce\Blocks\Assets\AssetDataRegistry->execute_lazy_data()
#19 /var/www/html/wp-includes/class-wp-hook.php(308): Automattic\WooCommerce\Blocks\Assets\AssetDataRegistry->enqueue_asset_data('')
#20 /var/www/html/wp-includes/class-wp-hook.php(332): WP_Hook->apply_filters('', Array)
#21 /var/www/html/wp-includes/plugin.php(517): WP_Hook->do_action(Array)
#22 /var/www/html/wp-admin/admin-footer.php(95): do_action('admin_print_foo...')
#23 /var/www/html/wp-admin/admin.php(297): require_once('/var/www/html/w...')
#24 {main}
  thrown

